<?xml version="1.0" encoding="UTF-8" standalone="yes"?>
<Report>
    <Profiles>
        <Profile>
            <CreatedDate>2010-09-02T14:23:31.435+01:00</CreatedDate>
            <Name>droid-er</Name>
            <ProfileSpec>
                <Resources>
                    <Dir Recursive="true">
                        <Size>0</Size>
                        <LastModifiedDate>2010-05-14T11:20:04.648+01:00</LastModifiedDate>
                        <Extension></Extension>
                        <Name>droid_er</Name>
                        <Uri>file:/C:/Documents%20and%20Settings/rflitcroft/My%20Documents/droid_er/</Uri>
                    </Dir>
                </Resources>
            </ProfileSpec>
            <State>FINISHED</State>
            <SignatureFileVersion>32</SignatureFileVersion>
            <Filter>
                <Enabled>false</Enabled>
                <Narrowed>false</Narrowed>
            </Filter>
            <Throttle>0</Throttle>
            <SignatureFileName>DROID_SignatureFile_V45.xml</SignatureFileName>
            <EndDate>2010-09-02T14:24:08.998+01:00</EndDate>
            <StartDate>2010-09-02T14:24:05.076+01:00</StartDate>
        </Profile>
    </Profiles>
    <ReportItems>
        <ReportItem>
            <Specification>
                <Description>File sizes by year last modified</Description>
                <Field>FILE_SIZE</Field>
                <GroupByField>LAST_MODIFIED_DATE</GroupByField>
                <Function>Year</Function>
                <Filter>
                    <Enabled>true</Enabled>
                    <Narrowed>true</Narrowed>
                    <Criteria>
                        <FieldName>RESOURCE_TYPE</FieldName>
                        <Operator>NONE_OF</Operator>
                        <Value>"Folder"</Value>
                        <Parameter>
                            <Id>0</Id>
                            <Description>Folder</Description>
                            <Value>0</Value>
                        </Parameter>
                        <RowNumber>0</RowNumber>
                    </Criteria>
                </Filter>
            </Specification>
            <Groups>
                <Group>
                    <Value>2009</Value>
                    <ProfileSummaries>
                        <ProfileSummary>
                            <Count>41</Count>
                            <Sum>29271</Sum>
                            <Min>0</Min>
                            <Max>4358</Max>
                            <Average>713.0</Average>
                            <Name>droid-er</Name>
                        </ProfileSummary>
                    </ProfileSummaries>
                    <GroupAggregateSummary>
                        <Count>41</Count>
                        <Sum>29271</Sum>
                        <Min>0</Min>
                        <Max>4358</Max>
                        <Average>713.0</Average>
                    </GroupAggregateSummary>
                </Group>
                <Group>
                    <Value>2010</Value>
                    <ProfileSummaries>
                        <ProfileSummary>
                            <Count>6</Count>
                            <Sum>19715</Sum>
                            <Min>0</Min>
                            <Max>3943</Max>
                            <Average>3285.0</Average>
                            <Name>droid-er</Name>
                        </ProfileSummary>
                    </ProfileSummaries>
                    <GroupAggregateSummary>
                        <Count>6</Count>
                        <Sum>19715</Sum>
                        <Min>0</Min>
                        <Max>3943</Max>
                        <Average>3285.0</Average>
                    </GroupAggregateSummary>
                </Group>
            </Groups>
            <ReportItemAggregateSummary>
                <Count>47</Count>
                <Sum>48986</Sum>
                <Min>0</Min>
                <Max>4358</Max>
                <Average>1041.340425531915</Average>
            </ReportItemAggregateSummary>
        </ReportItem>
    </ReportItems>
</Report>
